ERROR - 2025-04-24 06:48:37 --> Error connecting to the database: mysqli_sql_exception: Invalid character set was provided in C:\Users\admin\Local Sites\codeigniterphpdomain\app\public\system\Database\MySQLi\Connection.php:225
Stack trace:
#0 C:\Users\admin\Local Sites\codeigniterphpdomain\app\public\system\Database\MySQLi\Connection.php(225): mysqli->set_charset('utf8mb3')
#1 C:\Users\admin\Local Sites\codeigniterphpdomain\app\public\system\Database\BaseConnection.php(421): CodeIgniter\Database\MySQLi\Connection->connect(false)
#2 C:\Users\admin\Local Sites\codeigniterphpdomain\app\public\system\Database\BaseConnection.php(620): CodeIgniter\Database\BaseConnection->initialize()
#3 C:\Users\admin\Local Sites\codeigniterphpdomain\app\public\system\Database\BaseBuilder.php(1649): CodeIgniter\Database\BaseConnection->query('SELECT *\nFROM `...', Array, false)
#4 C:\Users\admin\Local Sites\codeigniterphpdomain\app\public\app\Controllers\GetTableUsuariosController.php(14): CodeIgniter\Database\BaseBuilder->get(1)
#5 C:\Users\admin\Local Sites\codeigniterphpdomain\app\public\system\CodeIgniter.php(933): App\Controllers\GetTableUsuariosController->index()
#6 C:\Users\admin\Local Sites\codeigniterphpdomain\app\public\system\CodeIgniter.php(507): CodeIgniter\CodeIgniter->runController(Object(App\Controllers\GetTableUsuariosController))
#7 C:\Users\admin\Local Sites\codeigniterphpdomain\app\public\system\CodeIgniter.php(354): CodeIgniter\CodeIgniter->handleRequest(NULL, Object(Config\Cache), false)
#8 C:\Users\admin\Local Sites\codeigniterphpdomain\app\public\system\Boot.php(334): CodeIgniter\CodeIgniter->run()
#9 C:\Users\admin\Local Sites\codeigniterphpdomain\app\public\system\Boot.php(67): CodeIgniter\Boot::runCodeIgniter(Object(CodeIgniter\CodeIgniter))
#10 C:\Users\admin\Local Sites\codeigniterphpdomain\app\public\public\index.php(56): CodeIgniter\Boot::bootWeb(Object(Config\Paths))
#11 {main}

Next CodeIgniter\Database\Exceptions\DatabaseException: Invalid character set was provided in C:\Users\admin\Local Sites\codeigniterphpdomain\app\public\system\Database\MySQLi\Connection.php:246
Stack trace:
#0 C:\Users\admin\Local Sites\codeigniterphpdomain\app\public\system\Database\BaseConnection.php(421): CodeIgniter\Database\MySQLi\Connection->connect(false)
#1 C:\Users\admin\Local Sites\codeigniterphpdomain\app\public\system\Database\BaseConnection.php(620): CodeIgniter\Database\BaseConnection->initialize()
#2 C:\Users\admin\Local Sites\codeigniterphpdomain\app\public\system\Database\BaseBuilder.php(1649): CodeIgniter\Database\BaseConnection->query('SELECT *\nFROM `...', Array, false)
#3 C:\Users\admin\Local Sites\codeigniterphpdomain\app\public\app\Controllers\GetTableUsuariosController.php(14): CodeIgniter\Database\BaseBuilder->get(1)
#4 C:\Users\admin\Local Sites\codeigniterphpdomain\app\public\system\CodeIgniter.php(933): App\Controllers\GetTableUsuariosController->index()
#5 C:\Users\admin\Local Sites\codeigniterphpdomain\app\public\system\CodeIgniter.php(507): CodeIgniter\CodeIgniter->runController(Object(App\Controllers\GetTableUsuariosController))
#6 C:\Users\admin\Local Sites\codeigniterphpdomain\app\public\system\CodeIgniter.php(354): CodeIgniter\CodeIgniter->handleRequest(NULL, Object(Config\Cache), false)
#7 C:\Users\admin\Local Sites\codeigniterphpdomain\app\public\system\Boot.php(334): CodeIgniter\CodeIgniter->run()
#8 C:\Users\admin\Local Sites\codeigniterphpdomain\app\public\system\Boot.php(67): CodeIgniter\Boot::runCodeIgniter(Object(CodeIgniter\CodeIgniter))
#9 C:\Users\admin\Local Sites\codeigniterphpdomain\app\public\public\index.php(56): CodeIgniter\Boot::bootWeb(Object(Config\Paths))
#10 {main}
CRITICAL - 2025-04-24 06:48:37 --> CodeIgniter\Database\Exceptions\DatabaseException: Unable to connect to the database.
Main connection [MySQLi]: Invalid character set was provided
[Method: GET, Route: getTable]
in SYSTEMPATH\Database\BaseConnection.php on line 467.
 1 SYSTEMPATH\Database\BaseConnection.php(620): CodeIgniter\Database\BaseConnection->initialize()
 2 SYSTEMPATH\Database\BaseBuilder.php(1649): CodeIgniter\Database\BaseConnection->query('SELECT *
FROM `usuarios`
 LIMIT 1', [], false)
 3 APPPATH\Controllers\GetTableUsuariosController.php(14): CodeIgniter\Database\BaseBuilder->get(1)
 4 SYSTEMPATH\CodeIgniter.php(933): App\Controllers\GetTableUsuariosController->index()
 5 SYSTEMPATH\CodeIgniter.php(507): CodeIgniter\CodeIgniter->runController(Object(App\Controllers\GetTableUsuariosController))
 6 SYSTEMPATH\CodeIgniter.php(354): CodeIgniter\CodeIgniter->handleRequest(null, Object(Config\Cache), false)
 7 SYSTEMPATH\Boot.php(334): CodeIgniter\CodeIgniter->run()
 8 SYSTEMPATH\Boot.php(67): CodeIgniter\Boot::runCodeIgniter(Object(CodeIgniter\CodeIgniter))
 9 FCPATH\index.php(56): CodeIgniter\Boot::bootWeb(Object(Config\Paths))
ERROR - 2025-04-24 06:48:38 --> Error connecting to the database: mysqli_sql_exception: Invalid character set was provided in C:\Users\admin\Local Sites\codeigniterphpdomain\app\public\system\Database\MySQLi\Connection.php:225
Stack trace:
#0 C:\Users\admin\Local Sites\codeigniterphpdomain\app\public\system\Database\MySQLi\Connection.php(225): mysqli->set_charset('utf8mb3')
#1 C:\Users\admin\Local Sites\codeigniterphpdomain\app\public\system\Database\BaseConnection.php(421): CodeIgniter\Database\MySQLi\Connection->connect(false)
#2 C:\Users\admin\Local Sites\codeigniterphpdomain\app\public\system\Database\BaseConnection.php(620): CodeIgniter\Database\BaseConnection->initialize()
#3 C:\Users\admin\Local Sites\codeigniterphpdomain\app\public\system\Database\BaseBuilder.php(1649): CodeIgniter\Database\BaseConnection->query('SELECT *\nFROM `...', Array, false)
#4 C:\Users\admin\Local Sites\codeigniterphpdomain\app\public\app\Controllers\GetTableUsuariosController.php(14): CodeIgniter\Database\BaseBuilder->get(1)
#5 C:\Users\admin\Local Sites\codeigniterphpdomain\app\public\system\CodeIgniter.php(933): App\Controllers\GetTableUsuariosController->index()
#6 C:\Users\admin\Local Sites\codeigniterphpdomain\app\public\system\CodeIgniter.php(507): CodeIgniter\CodeIgniter->runController(Object(App\Controllers\GetTableUsuariosController))
#7 C:\Users\admin\Local Sites\codeigniterphpdomain\app\public\system\CodeIgniter.php(354): CodeIgniter\CodeIgniter->handleRequest(NULL, Object(Config\Cache), false)
#8 C:\Users\admin\Local Sites\codeigniterphpdomain\app\public\system\Boot.php(334): CodeIgniter\CodeIgniter->run()
#9 C:\Users\admin\Local Sites\codeigniterphpdomain\app\public\system\Boot.php(67): CodeIgniter\Boot::runCodeIgniter(Object(CodeIgniter\CodeIgniter))
#10 C:\Users\admin\Local Sites\codeigniterphpdomain\app\public\public\index.php(56): CodeIgniter\Boot::bootWeb(Object(Config\Paths))
#11 {main}

Next CodeIgniter\Database\Exceptions\DatabaseException: Invalid character set was provided in C:\Users\admin\Local Sites\codeigniterphpdomain\app\public\system\Database\MySQLi\Connection.php:246
Stack trace:
#0 C:\Users\admin\Local Sites\codeigniterphpdomain\app\public\system\Database\BaseConnection.php(421): CodeIgniter\Database\MySQLi\Connection->connect(false)
#1 C:\Users\admin\Local Sites\codeigniterphpdomain\app\public\system\Database\BaseConnection.php(620): CodeIgniter\Database\BaseConnection->initialize()
#2 C:\Users\admin\Local Sites\codeigniterphpdomain\app\public\system\Database\BaseBuilder.php(1649): CodeIgniter\Database\BaseConnection->query('SELECT *\nFROM `...', Array, false)
#3 C:\Users\admin\Local Sites\codeigniterphpdomain\app\public\app\Controllers\GetTableUsuariosController.php(14): CodeIgniter\Database\BaseBuilder->get(1)
#4 C:\Users\admin\Local Sites\codeigniterphpdomain\app\public\system\CodeIgniter.php(933): App\Controllers\GetTableUsuariosController->index()
#5 C:\Users\admin\Local Sites\codeigniterphpdomain\app\public\system\CodeIgniter.php(507): CodeIgniter\CodeIgniter->runController(Object(App\Controllers\GetTableUsuariosController))
#6 C:\Users\admin\Local Sites\codeigniterphpdomain\app\public\system\CodeIgniter.php(354): CodeIgniter\CodeIgniter->handleRequest(NULL, Object(Config\Cache), false)
#7 C:\Users\admin\Local Sites\codeigniterphpdomain\app\public\system\Boot.php(334): CodeIgniter\CodeIgniter->run()
#8 C:\Users\admin\Local Sites\codeigniterphpdomain\app\public\system\Boot.php(67): CodeIgniter\Boot::runCodeIgniter(Object(CodeIgniter\CodeIgniter))
#9 C:\Users\admin\Local Sites\codeigniterphpdomain\app\public\public\index.php(56): CodeIgniter\Boot::bootWeb(Object(Config\Paths))
#10 {main}
CRITICAL - 2025-04-24 06:48:38 --> CodeIgniter\Database\Exceptions\DatabaseException: Unable to connect to the database.
Main connection [MySQLi]: Invalid character set was provided
[Method: GET, Route: getTable]
in SYSTEMPATH\Database\BaseConnection.php on line 467.
 1 SYSTEMPATH\Database\BaseConnection.php(620): CodeIgniter\Database\BaseConnection->initialize()
 2 SYSTEMPATH\Database\BaseBuilder.php(1649): CodeIgniter\Database\BaseConnection->query('SELECT *
FROM `usuarios`
 LIMIT 1', [], false)
 3 APPPATH\Controllers\GetTableUsuariosController.php(14): CodeIgniter\Database\BaseBuilder->get(1)
 4 SYSTEMPATH\CodeIgniter.php(933): App\Controllers\GetTableUsuariosController->index()
 5 SYSTEMPATH\CodeIgniter.php(507): CodeIgniter\CodeIgniter->runController(Object(App\Controllers\GetTableUsuariosController))
 6 SYSTEMPATH\CodeIgniter.php(354): CodeIgniter\CodeIgniter->handleRequest(null, Object(Config\Cache), false)
 7 SYSTEMPATH\Boot.php(334): CodeIgniter\CodeIgniter->run()
 8 SYSTEMPATH\Boot.php(67): CodeIgniter\Boot::runCodeIgniter(Object(CodeIgniter\CodeIgniter))
 9 FCPATH\index.php(56): CodeIgniter\Boot::bootWeb(Object(Config\Paths))
ERROR - 2025-04-24 06:48:38 --> Error connecting to the database: mysqli_sql_exception: Invalid character set was provided in C:\Users\admin\Local Sites\codeigniterphpdomain\app\public\system\Database\MySQLi\Connection.php:225
Stack trace:
#0 C:\Users\admin\Local Sites\codeigniterphpdomain\app\public\system\Database\MySQLi\Connection.php(225): mysqli->set_charset('utf8mb3')
#1 C:\Users\admin\Local Sites\codeigniterphpdomain\app\public\system\Database\BaseConnection.php(421): CodeIgniter\Database\MySQLi\Connection->connect(false)
#2 C:\Users\admin\Local Sites\codeigniterphpdomain\app\public\system\Database\BaseConnection.php(620): CodeIgniter\Database\BaseConnection->initialize()
#3 C:\Users\admin\Local Sites\codeigniterphpdomain\app\public\system\Database\BaseBuilder.php(1649): CodeIgniter\Database\BaseConnection->query('SELECT *\nFROM `...', Array, false)
#4 C:\Users\admin\Local Sites\codeigniterphpdomain\app\public\app\Controllers\GetTableUsuariosController.php(14): CodeIgniter\Database\BaseBuilder->get(1)
#5 C:\Users\admin\Local Sites\codeigniterphpdomain\app\public\system\CodeIgniter.php(933): App\Controllers\GetTableUsuariosController->index()
#6 C:\Users\admin\Local Sites\codeigniterphpdomain\app\public\system\CodeIgniter.php(507): CodeIgniter\CodeIgniter->runController(Object(App\Controllers\GetTableUsuariosController))
#7 C:\Users\admin\Local Sites\codeigniterphpdomain\app\public\system\CodeIgniter.php(354): CodeIgniter\CodeIgniter->handleRequest(NULL, Object(Config\Cache), false)
#8 C:\Users\admin\Local Sites\codeigniterphpdomain\app\public\system\Boot.php(334): CodeIgniter\CodeIgniter->run()
#9 C:\Users\admin\Local Sites\codeigniterphpdomain\app\public\system\Boot.php(67): CodeIgniter\Boot::runCodeIgniter(Object(CodeIgniter\CodeIgniter))
#10 C:\Users\admin\Local Sites\codeigniterphpdomain\app\public\public\index.php(56): CodeIgniter\Boot::bootWeb(Object(Config\Paths))
#11 {main}

Next CodeIgniter\Database\Exceptions\DatabaseException: Invalid character set was provided in C:\Users\admin\Local Sites\codeigniterphpdomain\app\public\system\Database\MySQLi\Connection.php:246
Stack trace:
#0 C:\Users\admin\Local Sites\codeigniterphpdomain\app\public\system\Database\BaseConnection.php(421): CodeIgniter\Database\MySQLi\Connection->connect(false)
#1 C:\Users\admin\Local Sites\codeigniterphpdomain\app\public\system\Database\BaseConnection.php(620): CodeIgniter\Database\BaseConnection->initialize()
#2 C:\Users\admin\Local Sites\codeigniterphpdomain\app\public\system\Database\BaseBuilder.php(1649): CodeIgniter\Database\BaseConnection->query('SELECT *\nFROM `...', Array, false)
#3 C:\Users\admin\Local Sites\codeigniterphpdomain\app\public\app\Controllers\GetTableUsuariosController.php(14): CodeIgniter\Database\BaseBuilder->get(1)
#4 C:\Users\admin\Local Sites\codeigniterphpdomain\app\public\system\CodeIgniter.php(933): App\Controllers\GetTableUsuariosController->index()
#5 C:\Users\admin\Local Sites\codeigniterphpdomain\app\public\system\CodeIgniter.php(507): CodeIgniter\CodeIgniter->runController(Object(App\Controllers\GetTableUsuariosController))
#6 C:\Users\admin\Local Sites\codeigniterphpdomain\app\public\system\CodeIgniter.php(354): CodeIgniter\CodeIgniter->handleRequest(NULL, Object(Config\Cache), false)
#7 C:\Users\admin\Local Sites\codeigniterphpdomain\app\public\system\Boot.php(334): CodeIgniter\CodeIgniter->run()
#8 C:\Users\admin\Local Sites\codeigniterphpdomain\app\public\system\Boot.php(67): CodeIgniter\Boot::runCodeIgniter(Object(CodeIgniter\CodeIgniter))
#9 C:\Users\admin\Local Sites\codeigniterphpdomain\app\public\public\index.php(56): CodeIgniter\Boot::bootWeb(Object(Config\Paths))
#10 {main}
CRITICAL - 2025-04-24 06:48:38 --> CodeIgniter\Database\Exceptions\DatabaseException: Unable to connect to the database.
Main connection [MySQLi]: Invalid character set was provided
[Method: GET, Route: getTable]
in SYSTEMPATH\Database\BaseConnection.php on line 467.
 1 SYSTEMPATH\Database\BaseConnection.php(620): CodeIgniter\Database\BaseConnection->initialize()
 2 SYSTEMPATH\Database\BaseBuilder.php(1649): CodeIgniter\Database\BaseConnection->query('SELECT *
FROM `usuarios`
 LIMIT 1', [], false)
 3 APPPATH\Controllers\GetTableUsuariosController.php(14): CodeIgniter\Database\BaseBuilder->get(1)
 4 SYSTEMPATH\CodeIgniter.php(933): App\Controllers\GetTableUsuariosController->index()
 5 SYSTEMPATH\CodeIgniter.php(507): CodeIgniter\CodeIgniter->runController(Object(App\Controllers\GetTableUsuariosController))
 6 SYSTEMPATH\CodeIgniter.php(354): CodeIgniter\CodeIgniter->handleRequest(null, Object(Config\Cache), false)
 7 SYSTEMPATH\Boot.php(334): CodeIgniter\CodeIgniter->run()
 8 SYSTEMPATH\Boot.php(67): CodeIgniter\Boot::runCodeIgniter(Object(CodeIgniter\CodeIgniter))
 9 FCPATH\index.php(56): CodeIgniter\Boot::bootWeb(Object(Config\Paths))
ERROR - 2025-04-24 06:48:38 --> Error connecting to the database: mysqli_sql_exception: Invalid character set was provided in C:\Users\admin\Local Sites\codeigniterphpdomain\app\public\system\Database\MySQLi\Connection.php:225
Stack trace:
#0 C:\Users\admin\Local Sites\codeigniterphpdomain\app\public\system\Database\MySQLi\Connection.php(225): mysqli->set_charset('utf8mb3')
#1 C:\Users\admin\Local Sites\codeigniterphpdomain\app\public\system\Database\BaseConnection.php(421): CodeIgniter\Database\MySQLi\Connection->connect(false)
#2 C:\Users\admin\Local Sites\codeigniterphpdomain\app\public\system\Database\BaseConnection.php(620): CodeIgniter\Database\BaseConnection->initialize()
#3 C:\Users\admin\Local Sites\codeigniterphpdomain\app\public\system\Database\BaseBuilder.php(1649): CodeIgniter\Database\BaseConnection->query('SELECT *\nFROM `...', Array, false)
#4 C:\Users\admin\Local Sites\codeigniterphpdomain\app\public\app\Controllers\GetTableUsuariosController.php(14): CodeIgniter\Database\BaseBuilder->get(1)
#5 C:\Users\admin\Local Sites\codeigniterphpdomain\app\public\system\CodeIgniter.php(933): App\Controllers\GetTableUsuariosController->index()
#6 C:\Users\admin\Local Sites\codeigniterphpdomain\app\public\system\CodeIgniter.php(507): CodeIgniter\CodeIgniter->runController(Object(App\Controllers\GetTableUsuariosController))
#7 C:\Users\admin\Local Sites\codeigniterphpdomain\app\public\system\CodeIgniter.php(354): CodeIgniter\CodeIgniter->handleRequest(NULL, Object(Config\Cache), false)
#8 C:\Users\admin\Local Sites\codeigniterphpdomain\app\public\system\Boot.php(334): CodeIgniter\CodeIgniter->run()
#9 C:\Users\admin\Local Sites\codeigniterphpdomain\app\public\system\Boot.php(67): CodeIgniter\Boot::runCodeIgniter(Object(CodeIgniter\CodeIgniter))
#10 C:\Users\admin\Local Sites\codeigniterphpdomain\app\public\public\index.php(56): CodeIgniter\Boot::bootWeb(Object(Config\Paths))
#11 {main}

Next CodeIgniter\Database\Exceptions\DatabaseException: Invalid character set was provided in C:\Users\admin\Local Sites\codeigniterphpdomain\app\public\system\Database\MySQLi\Connection.php:246
Stack trace:
#0 C:\Users\admin\Local Sites\codeigniterphpdomain\app\public\system\Database\BaseConnection.php(421): CodeIgniter\Database\MySQLi\Connection->connect(false)
#1 C:\Users\admin\Local Sites\codeigniterphpdomain\app\public\system\Database\BaseConnection.php(620): CodeIgniter\Database\BaseConnection->initialize()
#2 C:\Users\admin\Local Sites\codeigniterphpdomain\app\public\system\Database\BaseBuilder.php(1649): CodeIgniter\Database\BaseConnection->query('SELECT *\nFROM `...', Array, false)
#3 C:\Users\admin\Local Sites\codeigniterphpdomain\app\public\app\Controllers\GetTableUsuariosController.php(14): CodeIgniter\Database\BaseBuilder->get(1)
#4 C:\Users\admin\Local Sites\codeigniterphpdomain\app\public\system\CodeIgniter.php(933): App\Controllers\GetTableUsuariosController->index()
#5 C:\Users\admin\Local Sites\codeigniterphpdomain\app\public\system\CodeIgniter.php(507): CodeIgniter\CodeIgniter->runController(Object(App\Controllers\GetTableUsuariosController))
#6 C:\Users\admin\Local Sites\codeigniterphpdomain\app\public\system\CodeIgniter.php(354): CodeIgniter\CodeIgniter->handleRequest(NULL, Object(Config\Cache), false)
#7 C:\Users\admin\Local Sites\codeigniterphpdomain\app\public\system\Boot.php(334): CodeIgniter\CodeIgniter->run()
#8 C:\Users\admin\Local Sites\codeigniterphpdomain\app\public\system\Boot.php(67): CodeIgniter\Boot::runCodeIgniter(Object(CodeIgniter\CodeIgniter))
#9 C:\Users\admin\Local Sites\codeigniterphpdomain\app\public\public\index.php(56): CodeIgniter\Boot::bootWeb(Object(Config\Paths))
#10 {main}
CRITICAL - 2025-04-24 06:48:38 --> CodeIgniter\Database\Exceptions\DatabaseException: Unable to connect to the database.
Main connection [MySQLi]: Invalid character set was provided
[Method: GET, Route: getTable]
in SYSTEMPATH\Database\BaseConnection.php on line 467.
 1 SYSTEMPATH\Database\BaseConnection.php(620): CodeIgniter\Database\BaseConnection->initialize()
 2 SYSTEMPATH\Database\BaseBuilder.php(1649): CodeIgniter\Database\BaseConnection->query('SELECT *
FROM `usuarios`
 LIMIT 1', [], false)
 3 APPPATH\Controllers\GetTableUsuariosController.php(14): CodeIgniter\Database\BaseBuilder->get(1)
 4 SYSTEMPATH\CodeIgniter.php(933): App\Controllers\GetTableUsuariosController->index()
 5 SYSTEMPATH\CodeIgniter.php(507): CodeIgniter\CodeIgniter->runController(Object(App\Controllers\GetTableUsuariosController))
 6 SYSTEMPATH\CodeIgniter.php(354): CodeIgniter\CodeIgniter->handleRequest(null, Object(Config\Cache), false)
 7 SYSTEMPATH\Boot.php(334): CodeIgniter\CodeIgniter->run()
 8 SYSTEMPATH\Boot.php(67): CodeIgniter\Boot::runCodeIgniter(Object(CodeIgniter\CodeIgniter))
 9 FCPATH\index.php(56): CodeIgniter\Boot::bootWeb(Object(Config\Paths))
ERROR - 2025-04-24 06:51:20 --> Error connecting to the database: mysqli_sql_exception: Invalid character set was provided in C:\Users\admin\Local Sites\codeigniterphpdomain\app\public\system\Database\MySQLi\Connection.php:225
Stack trace:
#0 C:\Users\admin\Local Sites\codeigniterphpdomain\app\public\system\Database\MySQLi\Connection.php(225): mysqli->set_charset('utf8mb3')
#1 C:\Users\admin\Local Sites\codeigniterphpdomain\app\public\system\Database\BaseConnection.php(421): CodeIgniter\Database\MySQLi\Connection->connect(false)
#2 C:\Users\admin\Local Sites\codeigniterphpdomain\app\public\system\Database\BaseConnection.php(620): CodeIgniter\Database\BaseConnection->initialize()
#3 C:\Users\admin\Local Sites\codeigniterphpdomain\app\public\system\Database\BaseBuilder.php(1649): CodeIgniter\Database\BaseConnection->query('SELECT *\nFROM `...', Array, false)
#4 C:\Users\admin\Local Sites\codeigniterphpdomain\app\public\app\Controllers\GetTableUsuariosController.php(14): CodeIgniter\Database\BaseBuilder->get(1)
#5 C:\Users\admin\Local Sites\codeigniterphpdomain\app\public\system\CodeIgniter.php(933): App\Controllers\GetTableUsuariosController->index()
#6 C:\Users\admin\Local Sites\codeigniterphpdomain\app\public\system\CodeIgniter.php(507): CodeIgniter\CodeIgniter->runController(Object(App\Controllers\GetTableUsuariosController))
#7 C:\Users\admin\Local Sites\codeigniterphpdomain\app\public\system\CodeIgniter.php(354): CodeIgniter\CodeIgniter->handleRequest(NULL, Object(Config\Cache), false)
#8 C:\Users\admin\Local Sites\codeigniterphpdomain\app\public\system\Boot.php(334): CodeIgniter\CodeIgniter->run()
#9 C:\Users\admin\Local Sites\codeigniterphpdomain\app\public\system\Boot.php(67): CodeIgniter\Boot::runCodeIgniter(Object(CodeIgniter\CodeIgniter))
#10 C:\Users\admin\Local Sites\codeigniterphpdomain\app\public\public\index.php(56): CodeIgniter\Boot::bootWeb(Object(Config\Paths))
#11 {main}

Next CodeIgniter\Database\Exceptions\DatabaseException: Invalid character set was provided in C:\Users\admin\Local Sites\codeigniterphpdomain\app\public\system\Database\MySQLi\Connection.php:246
Stack trace:
#0 C:\Users\admin\Local Sites\codeigniterphpdomain\app\public\system\Database\BaseConnection.php(421): CodeIgniter\Database\MySQLi\Connection->connect(false)
#1 C:\Users\admin\Local Sites\codeigniterphpdomain\app\public\system\Database\BaseConnection.php(620): CodeIgniter\Database\BaseConnection->initialize()
#2 C:\Users\admin\Local Sites\codeigniterphpdomain\app\public\system\Database\BaseBuilder.php(1649): CodeIgniter\Database\BaseConnection->query('SELECT *\nFROM `...', Array, false)
#3 C:\Users\admin\Local Sites\codeigniterphpdomain\app\public\app\Controllers\GetTableUsuariosController.php(14): CodeIgniter\Database\BaseBuilder->get(1)
#4 C:\Users\admin\Local Sites\codeigniterphpdomain\app\public\system\CodeIgniter.php(933): App\Controllers\GetTableUsuariosController->index()
#5 C:\Users\admin\Local Sites\codeigniterphpdomain\app\public\system\CodeIgniter.php(507): CodeIgniter\CodeIgniter->runController(Object(App\Controllers\GetTableUsuariosController))
#6 C:\Users\admin\Local Sites\codeigniterphpdomain\app\public\system\CodeIgniter.php(354): CodeIgniter\CodeIgniter->handleRequest(NULL, Object(Config\Cache), false)
#7 C:\Users\admin\Local Sites\codeigniterphpdomain\app\public\system\Boot.php(334): CodeIgniter\CodeIgniter->run()
#8 C:\Users\admin\Local Sites\codeigniterphpdomain\app\public\system\Boot.php(67): CodeIgniter\Boot::runCodeIgniter(Object(CodeIgniter\CodeIgniter))
#9 C:\Users\admin\Local Sites\codeigniterphpdomain\app\public\public\index.php(56): CodeIgniter\Boot::bootWeb(Object(Config\Paths))
#10 {main}
CRITICAL - 2025-04-24 06:51:20 --> CodeIgniter\Database\Exceptions\DatabaseException: Unable to connect to the database.
Main connection [MySQLi]: Invalid character set was provided
[Method: GET, Route: getTable]
in SYSTEMPATH\Database\BaseConnection.php on line 467.
 1 SYSTEMPATH\Database\BaseConnection.php(620): CodeIgniter\Database\BaseConnection->initialize()
 2 SYSTEMPATH\Database\BaseBuilder.php(1649): CodeIgniter\Database\BaseConnection->query('SELECT *
FROM `usuarios`
 LIMIT 1', [], false)
 3 APPPATH\Controllers\GetTableUsuariosController.php(14): CodeIgniter\Database\BaseBuilder->get(1)
 4 SYSTEMPATH\CodeIgniter.php(933): App\Controllers\GetTableUsuariosController->index()
 5 SYSTEMPATH\CodeIgniter.php(507): CodeIgniter\CodeIgniter->runController(Object(App\Controllers\GetTableUsuariosController))
 6 SYSTEMPATH\CodeIgniter.php(354): CodeIgniter\CodeIgniter->handleRequest(null, Object(Config\Cache), false)
 7 SYSTEMPATH\Boot.php(334): CodeIgniter\CodeIgniter->run()
 8 SYSTEMPATH\Boot.php(67): CodeIgniter\Boot::runCodeIgniter(Object(CodeIgniter\CodeIgniter))
 9 FCPATH\index.php(56): CodeIgniter\Boot::bootWeb(Object(Config\Paths))
ERROR - 2025-04-24 06:51:21 --> Error connecting to the database: mysqli_sql_exception: Invalid character set was provided in C:\Users\admin\Local Sites\codeigniterphpdomain\app\public\system\Database\MySQLi\Connection.php:225
Stack trace:
#0 C:\Users\admin\Local Sites\codeigniterphpdomain\app\public\system\Database\MySQLi\Connection.php(225): mysqli->set_charset('utf8mb3')
#1 C:\Users\admin\Local Sites\codeigniterphpdomain\app\public\system\Database\BaseConnection.php(421): CodeIgniter\Database\MySQLi\Connection->connect(false)
#2 C:\Users\admin\Local Sites\codeigniterphpdomain\app\public\system\Database\BaseConnection.php(620): CodeIgniter\Database\BaseConnection->initialize()
#3 C:\Users\admin\Local Sites\codeigniterphpdomain\app\public\system\Database\BaseBuilder.php(1649): CodeIgniter\Database\BaseConnection->query('SELECT *\nFROM `...', Array, false)
#4 C:\Users\admin\Local Sites\codeigniterphpdomain\app\public\app\Controllers\GetTableUsuariosController.php(14): CodeIgniter\Database\BaseBuilder->get(1)
#5 C:\Users\admin\Local Sites\codeigniterphpdomain\app\public\system\CodeIgniter.php(933): App\Controllers\GetTableUsuariosController->index()
#6 C:\Users\admin\Local Sites\codeigniterphpdomain\app\public\system\CodeIgniter.php(507): CodeIgniter\CodeIgniter->runController(Object(App\Controllers\GetTableUsuariosController))
#7 C:\Users\admin\Local Sites\codeigniterphpdomain\app\public\system\CodeIgniter.php(354): CodeIgniter\CodeIgniter->handleRequest(NULL, Object(Config\Cache), false)
#8 C:\Users\admin\Local Sites\codeigniterphpdomain\app\public\system\Boot.php(334): CodeIgniter\CodeIgniter->run()
#9 C:\Users\admin\Local Sites\codeigniterphpdomain\app\public\system\Boot.php(67): CodeIgniter\Boot::runCodeIgniter(Object(CodeIgniter\CodeIgniter))
#10 C:\Users\admin\Local Sites\codeigniterphpdomain\app\public\public\index.php(56): CodeIgniter\Boot::bootWeb(Object(Config\Paths))
#11 {main}

Next CodeIgniter\Database\Exceptions\DatabaseException: Invalid character set was provided in C:\Users\admin\Local Sites\codeigniterphpdomain\app\public\system\Database\MySQLi\Connection.php:246
Stack trace:
#0 C:\Users\admin\Local Sites\codeigniterphpdomain\app\public\system\Database\BaseConnection.php(421): CodeIgniter\Database\MySQLi\Connection->connect(false)
#1 C:\Users\admin\Local Sites\codeigniterphpdomain\app\public\system\Database\BaseConnection.php(620): CodeIgniter\Database\BaseConnection->initialize()
#2 C:\Users\admin\Local Sites\codeigniterphpdomain\app\public\system\Database\BaseBuilder.php(1649): CodeIgniter\Database\BaseConnection->query('SELECT *\nFROM `...', Array, false)
#3 C:\Users\admin\Local Sites\codeigniterphpdomain\app\public\app\Controllers\GetTableUsuariosController.php(14): CodeIgniter\Database\BaseBuilder->get(1)
#4 C:\Users\admin\Local Sites\codeigniterphpdomain\app\public\system\CodeIgniter.php(933): App\Controllers\GetTableUsuariosController->index()
#5 C:\Users\admin\Local Sites\codeigniterphpdomain\app\public\system\CodeIgniter.php(507): CodeIgniter\CodeIgniter->runController(Object(App\Controllers\GetTableUsuariosController))
#6 C:\Users\admin\Local Sites\codeigniterphpdomain\app\public\system\CodeIgniter.php(354): CodeIgniter\CodeIgniter->handleRequest(NULL, Object(Config\Cache), false)
#7 C:\Users\admin\Local Sites\codeigniterphpdomain\app\public\system\Boot.php(334): CodeIgniter\CodeIgniter->run()
#8 C:\Users\admin\Local Sites\codeigniterphpdomain\app\public\system\Boot.php(67): CodeIgniter\Boot::runCodeIgniter(Object(CodeIgniter\CodeIgniter))
#9 C:\Users\admin\Local Sites\codeigniterphpdomain\app\public\public\index.php(56): CodeIgniter\Boot::bootWeb(Object(Config\Paths))
#10 {main}
CRITICAL - 2025-04-24 06:51:21 --> CodeIgniter\Database\Exceptions\DatabaseException: Unable to connect to the database.
Main connection [MySQLi]: Invalid character set was provided
[Method: GET, Route: getTable]
in SYSTEMPATH\Database\BaseConnection.php on line 467.
 1 SYSTEMPATH\Database\BaseConnection.php(620): CodeIgniter\Database\BaseConnection->initialize()
 2 SYSTEMPATH\Database\BaseBuilder.php(1649): CodeIgniter\Database\BaseConnection->query('SELECT *
FROM `usuarios`
 LIMIT 1', [], false)
 3 APPPATH\Controllers\GetTableUsuariosController.php(14): CodeIgniter\Database\BaseBuilder->get(1)
 4 SYSTEMPATH\CodeIgniter.php(933): App\Controllers\GetTableUsuariosController->index()
 5 SYSTEMPATH\CodeIgniter.php(507): CodeIgniter\CodeIgniter->runController(Object(App\Controllers\GetTableUsuariosController))
 6 SYSTEMPATH\CodeIgniter.php(354): CodeIgniter\CodeIgniter->handleRequest(null, Object(Config\Cache), false)
 7 SYSTEMPATH\Boot.php(334): CodeIgniter\CodeIgniter->run()
 8 SYSTEMPATH\Boot.php(67): CodeIgniter\Boot::runCodeIgniter(Object(CodeIgniter\CodeIgniter))
 9 FCPATH\index.php(56): CodeIgniter\Boot::bootWeb(Object(Config\Paths))
ERROR - 2025-04-24 06:51:21 --> Error connecting to the database: mysqli_sql_exception: Invalid character set was provided in C:\Users\admin\Local Sites\codeigniterphpdomain\app\public\system\Database\MySQLi\Connection.php:225
Stack trace:
#0 C:\Users\admin\Local Sites\codeigniterphpdomain\app\public\system\Database\MySQLi\Connection.php(225): mysqli->set_charset('utf8mb3')
#1 C:\Users\admin\Local Sites\codeigniterphpdomain\app\public\system\Database\BaseConnection.php(421): CodeIgniter\Database\MySQLi\Connection->connect(false)
#2 C:\Users\admin\Local Sites\codeigniterphpdomain\app\public\system\Database\BaseConnection.php(620): CodeIgniter\Database\BaseConnection->initialize()
#3 C:\Users\admin\Local Sites\codeigniterphpdomain\app\public\system\Database\BaseBuilder.php(1649): CodeIgniter\Database\BaseConnection->query('SELECT *\nFROM `...', Array, false)
#4 C:\Users\admin\Local Sites\codeigniterphpdomain\app\public\app\Controllers\GetTableUsuariosController.php(14): CodeIgniter\Database\BaseBuilder->get(1)
#5 C:\Users\admin\Local Sites\codeigniterphpdomain\app\public\system\CodeIgniter.php(933): App\Controllers\GetTableUsuariosController->index()
#6 C:\Users\admin\Local Sites\codeigniterphpdomain\app\public\system\CodeIgniter.php(507): CodeIgniter\CodeIgniter->runController(Object(App\Controllers\GetTableUsuariosController))
#7 C:\Users\admin\Local Sites\codeigniterphpdomain\app\public\system\CodeIgniter.php(354): CodeIgniter\CodeIgniter->handleRequest(NULL, Object(Config\Cache), false)
#8 C:\Users\admin\Local Sites\codeigniterphpdomain\app\public\system\Boot.php(334): CodeIgniter\CodeIgniter->run()
#9 C:\Users\admin\Local Sites\codeigniterphpdomain\app\public\system\Boot.php(67): CodeIgniter\Boot::runCodeIgniter(Object(CodeIgniter\CodeIgniter))
#10 C:\Users\admin\Local Sites\codeigniterphpdomain\app\public\public\index.php(56): CodeIgniter\Boot::bootWeb(Object(Config\Paths))
#11 {main}

Next CodeIgniter\Database\Exceptions\DatabaseException: Invalid character set was provided in C:\Users\admin\Local Sites\codeigniterphpdomain\app\public\system\Database\MySQLi\Connection.php:246
Stack trace:
#0 C:\Users\admin\Local Sites\codeigniterphpdomain\app\public\system\Database\BaseConnection.php(421): CodeIgniter\Database\MySQLi\Connection->connect(false)
#1 C:\Users\admin\Local Sites\codeigniterphpdomain\app\public\system\Database\BaseConnection.php(620): CodeIgniter\Database\BaseConnection->initialize()
#2 C:\Users\admin\Local Sites\codeigniterphpdomain\app\public\system\Database\BaseBuilder.php(1649): CodeIgniter\Database\BaseConnection->query('SELECT *\nFROM `...', Array, false)
#3 C:\Users\admin\Local Sites\codeigniterphpdomain\app\public\app\Controllers\GetTableUsuariosController.php(14): CodeIgniter\Database\BaseBuilder->get(1)
#4 C:\Users\admin\Local Sites\codeigniterphpdomain\app\public\system\CodeIgniter.php(933): App\Controllers\GetTableUsuariosController->index()
#5 C:\Users\admin\Local Sites\codeigniterphpdomain\app\public\system\CodeIgniter.php(507): CodeIgniter\CodeIgniter->runController(Object(App\Controllers\GetTableUsuariosController))
#6 C:\Users\admin\Local Sites\codeigniterphpdomain\app\public\system\CodeIgniter.php(354): CodeIgniter\CodeIgniter->handleRequest(NULL, Object(Config\Cache), false)
#7 C:\Users\admin\Local Sites\codeigniterphpdomain\app\public\system\Boot.php(334): CodeIgniter\CodeIgniter->run()
#8 C:\Users\admin\Local Sites\codeigniterphpdomain\app\public\system\Boot.php(67): CodeIgniter\Boot::runCodeIgniter(Object(CodeIgniter\CodeIgniter))
#9 C:\Users\admin\Local Sites\codeigniterphpdomain\app\public\public\index.php(56): CodeIgniter\Boot::bootWeb(Object(Config\Paths))
#10 {main}
CRITICAL - 2025-04-24 06:51:21 --> CodeIgniter\Database\Exceptions\DatabaseException: Unable to connect to the database.
Main connection [MySQLi]: Invalid character set was provided
[Method: GET, Route: getTable]
in SYSTEMPATH\Database\BaseConnection.php on line 467.
 1 SYSTEMPATH\Database\BaseConnection.php(620): CodeIgniter\Database\BaseConnection->initialize()
 2 SYSTEMPATH\Database\BaseBuilder.php(1649): CodeIgniter\Database\BaseConnection->query('SELECT *
FROM `usuarios`
 LIMIT 1', [], false)
 3 APPPATH\Controllers\GetTableUsuariosController.php(14): CodeIgniter\Database\BaseBuilder->get(1)
 4 SYSTEMPATH\CodeIgniter.php(933): App\Controllers\GetTableUsuariosController->index()
 5 SYSTEMPATH\CodeIgniter.php(507): CodeIgniter\CodeIgniter->runController(Object(App\Controllers\GetTableUsuariosController))
 6 SYSTEMPATH\CodeIgniter.php(354): CodeIgniter\CodeIgniter->handleRequest(null, Object(Config\Cache), false)
 7 SYSTEMPATH\Boot.php(334): CodeIgniter\CodeIgniter->run()
 8 SYSTEMPATH\Boot.php(67): CodeIgniter\Boot::runCodeIgniter(Object(CodeIgniter\CodeIgniter))
 9 FCPATH\index.php(56): CodeIgniter\Boot::bootWeb(Object(Config\Paths))
ERROR - 2025-04-24 06:51:50 --> Error connecting to the database: mysqli_sql_exception: Invalid character set was provided in C:\Users\admin\Local Sites\codeigniterphpdomain\app\public\system\Database\MySQLi\Connection.php:225
Stack trace:
#0 C:\Users\admin\Local Sites\codeigniterphpdomain\app\public\system\Database\MySQLi\Connection.php(225): mysqli->set_charset('utf8mb3')
#1 C:\Users\admin\Local Sites\codeigniterphpdomain\app\public\system\Database\BaseConnection.php(421): CodeIgniter\Database\MySQLi\Connection->connect(false)
#2 C:\Users\admin\Local Sites\codeigniterphpdomain\app\public\system\Database\BaseConnection.php(620): CodeIgniter\Database\BaseConnection->initialize()
#3 C:\Users\admin\Local Sites\codeigniterphpdomain\app\public\system\Database\BaseBuilder.php(1649): CodeIgniter\Database\BaseConnection->query('SELECT *\nFROM `...', Array, false)
#4 C:\Users\admin\Local Sites\codeigniterphpdomain\app\public\app\Controllers\GetTableUsuariosController.php(14): CodeIgniter\Database\BaseBuilder->get(1)
#5 C:\Users\admin\Local Sites\codeigniterphpdomain\app\public\system\CodeIgniter.php(933): App\Controllers\GetTableUsuariosController->index()
#6 C:\Users\admin\Local Sites\codeigniterphpdomain\app\public\system\CodeIgniter.php(507): CodeIgniter\CodeIgniter->runController(Object(App\Controllers\GetTableUsuariosController))
#7 C:\Users\admin\Local Sites\codeigniterphpdomain\app\public\system\CodeIgniter.php(354): CodeIgniter\CodeIgniter->handleRequest(NULL, Object(Config\Cache), false)
#8 C:\Users\admin\Local Sites\codeigniterphpdomain\app\public\system\Boot.php(334): CodeIgniter\CodeIgniter->run()
#9 C:\Users\admin\Local Sites\codeigniterphpdomain\app\public\system\Boot.php(67): CodeIgniter\Boot::runCodeIgniter(Object(CodeIgniter\CodeIgniter))
#10 C:\Users\admin\Local Sites\codeigniterphpdomain\app\public\public\index.php(56): CodeIgniter\Boot::bootWeb(Object(Config\Paths))
#11 {main}

Next CodeIgniter\Database\Exceptions\DatabaseException: Invalid character set was provided in C:\Users\admin\Local Sites\codeigniterphpdomain\app\public\system\Database\MySQLi\Connection.php:246
Stack trace:
#0 C:\Users\admin\Local Sites\codeigniterphpdomain\app\public\system\Database\BaseConnection.php(421): CodeIgniter\Database\MySQLi\Connection->connect(false)
#1 C:\Users\admin\Local Sites\codeigniterphpdomain\app\public\system\Database\BaseConnection.php(620): CodeIgniter\Database\BaseConnection->initialize()
#2 C:\Users\admin\Local Sites\codeigniterphpdomain\app\public\system\Database\BaseBuilder.php(1649): CodeIgniter\Database\BaseConnection->query('SELECT *\nFROM `...', Array, false)
#3 C:\Users\admin\Local Sites\codeigniterphpdomain\app\public\app\Controllers\GetTableUsuariosController.php(14): CodeIgniter\Database\BaseBuilder->get(1)
#4 C:\Users\admin\Local Sites\codeigniterphpdomain\app\public\system\CodeIgniter.php(933): App\Controllers\GetTableUsuariosController->index()
#5 C:\Users\admin\Local Sites\codeigniterphpdomain\app\public\system\CodeIgniter.php(507): CodeIgniter\CodeIgniter->runController(Object(App\Controllers\GetTableUsuariosController))
#6 C:\Users\admin\Local Sites\codeigniterphpdomain\app\public\system\CodeIgniter.php(354): CodeIgniter\CodeIgniter->handleRequest(NULL, Object(Config\Cache), false)
#7 C:\Users\admin\Local Sites\codeigniterphpdomain\app\public\system\Boot.php(334): CodeIgniter\CodeIgniter->run()
#8 C:\Users\admin\Local Sites\codeigniterphpdomain\app\public\system\Boot.php(67): CodeIgniter\Boot::runCodeIgniter(Object(CodeIgniter\CodeIgniter))
#9 C:\Users\admin\Local Sites\codeigniterphpdomain\app\public\public\index.php(56): CodeIgniter\Boot::bootWeb(Object(Config\Paths))
#10 {main}
CRITICAL - 2025-04-24 06:51:50 --> CodeIgniter\Database\Exceptions\DatabaseException: Unable to connect to the database.
Main connection [MySQLi]: Invalid character set was provided
[Method: GET, Route: getTable]
in SYSTEMPATH\Database\BaseConnection.php on line 467.
 1 SYSTEMPATH\Database\BaseConnection.php(620): CodeIgniter\Database\BaseConnection->initialize()
 2 SYSTEMPATH\Database\BaseBuilder.php(1649): CodeIgniter\Database\BaseConnection->query('SELECT *
FROM `usuarios`
 LIMIT 1', [], false)
 3 APPPATH\Controllers\GetTableUsuariosController.php(14): CodeIgniter\Database\BaseBuilder->get(1)
 4 SYSTEMPATH\CodeIgniter.php(933): App\Controllers\GetTableUsuariosController->index()
 5 SYSTEMPATH\CodeIgniter.php(507): CodeIgniter\CodeIgniter->runController(Object(App\Controllers\GetTableUsuariosController))
 6 SYSTEMPATH\CodeIgniter.php(354): CodeIgniter\CodeIgniter->handleRequest(null, Object(Config\Cache), false)
 7 SYSTEMPATH\Boot.php(334): CodeIgniter\CodeIgniter->run()
 8 SYSTEMPATH\Boot.php(67): CodeIgniter\Boot::runCodeIgniter(Object(CodeIgniter\CodeIgniter))
 9 FCPATH\index.php(56): CodeIgniter\Boot::bootWeb(Object(Config\Paths))
CRITICAL - 2025-04-24 08:28:52 --> ErrorException: Undefined array key "nombre"
[Method: GET, Route: getTable]
in APPPATH\Controllers\GetTableUsuariosController.php on line 14.
 1 APPPATH\Controllers\GetTableUsuariosController.php(14): CodeIgniter\Debug\Exceptions->errorHandler(2, 'Undefined array key "nombre"', 'C:\\Users\\admin\\Local Sites\\codeigniterphpdomain\\app\\public\\app\\Controllers\\GetTableUsuariosController.php', 14)
 2 SYSTEMPATH\CodeIgniter.php(933): App\Controllers\GetTableUsuariosController->index()
 3 SYSTEMPATH\CodeIgniter.php(507): CodeIgniter\CodeIgniter->runController(Object(App\Controllers\GetTableUsuariosController))
 4 SYSTEMPATH\CodeIgniter.php(354): CodeIgniter\CodeIgniter->handleRequest(null, Object(Config\Cache), false)
 5 SYSTEMPATH\Boot.php(334): CodeIgniter\CodeIgniter->run()
 6 SYSTEMPATH\Boot.php(67): CodeIgniter\Boot::runCodeIgniter(Object(CodeIgniter\CodeIgniter))
 7 FCPATH\index.php(56): CodeIgniter\Boot::bootWeb(Object(Config\Paths))
